  IGTAssignment.cpp
C:\Program Files\Microsoft Visual Studio\2022\Community\VC\Tools\MSVC\14.37.32822\include\format(43): warning STL4038: The contents of <format> are available only with C++20 or later.
C:\Users\tobey\Documents\GitHub\COMP3016\Source\IGTAssignment\IGTAssignment.cpp(78,43): warning C4244: 'return': conversion from '__time64_t' to 'int', possible loss of data
C:\Users\tobey\Documents\GitHub\COMP3016\Source\IGTAssignment\IGTAssignment.cpp(337,19): warning C4244: 'initializing': conversion from 'double' to 'int', possible loss of data
C:\Users\tobey\Documents\GitHub\COMP3016\Source\IGTAssignment\IGTAssignment.cpp(338,26): warning C4244: 'initializing': conversion from 'float' to 'int', possible loss of data
C:\Users\tobey\Documents\GitHub\COMP3016\Source\IGTAssignment\IGTAssignment.cpp(363,25): warning C4244: 'argument': conversion from 'float' to 'const unsigned __int64', possible loss of data
C:\Users\tobey\Documents\GitHub\COMP3016\Source\IGTAssignment\IGTAssignment.cpp(364,25): warning C4244: 'argument': conversion from 'float' to 'const unsigned __int64', possible loss of data
  IGTAssignment.vcxproj -> C:\Users\tobey\Documents\GitHub\COMP3016\Source\x64\Debug\IGTAssignment.exe
  C:\Users\tobey\Documents\GitHub\COMP3016\Source\IGTAssignment\data\hit.wav
  C:\Users\tobey\Documents\GitHub\COMP3016\Source\IGTAssignment\data\kill.wav
  C:\Users\tobey\Documents\GitHub\COMP3016\Source\IGTAssignment\data\Map1.txt
  C:\Users\tobey\Documents\GitHub\COMP3016\Source\IGTAssignment\data\Map2.txt
  C:\Users\tobey\Documents\GitHub\COMP3016\Source\IGTAssignment\data\Map3.txt
  C:\Users\tobey\Documents\GitHub\COMP3016\Source\IGTAssignment\data\Map4.txt
  C:\Users\tobey\Documents\GitHub\COMP3016\Source\IGTAssignment\data\Map5.txt
  C:\Users\tobey\Documents\GitHub\COMP3016\Source\IGTAssignment\data\Map6.txt
  C:\Users\tobey\Documents\GitHub\COMP3016\Source\IGTAssignment\data\Map7.txt
  C:\Users\tobey\Documents\GitHub\COMP3016\Source\IGTAssignment\data\Map8.txt
  C:\Users\tobey\Documents\GitHub\COMP3016\Source\IGTAssignment\data\next.wav
  C:\Users\tobey\Documents\GitHub\COMP3016\Source\IGTAssignment\data\timeout.wav
  12 File(s) copied
